This is pdfTeX, Version 3.141592653-2.6-1.40.26 (TeX Live 2024) (preloaded format=pdflatex 2024.9.1)  2 AUG 2025 19:24
entering extended mode
 restricted \write18 enabled.
 %&-line parsing enabled.
**/private/var/folders/wk/52d5tlnx27d57n9kxccprcfc0000gn/T/RtmpoShpU0/preview-e
9d7167eb125.dir/fdrSAFE.tex

(/private/var/folders/wk/52d5tlnx27d57n9kxccprcfc0000gn/T/RtmpoShpU0/preview-e9
d7167eb125.dir/fdrSAFE.tex
LaTeX2e <2023-11-01> patch level 1
L3 programming layer <2024-02-20>
(/usr/local/texlive/2024/texmf-dist/tex/latex/base/article.cls
Document Class: article 2023/05/17 v1.4n Standard LaTeX document class
(/usr/local/texlive/2024/texmf-dist/tex/latex/base/size10.clo
File: size10.clo 2023/05/17 v1.4n Standard LaTeX file (size option)
)
\c@part=\count188
\c@section=\count189
\c@subsection=\count190
\c@subsubsection=\count191
\c@paragraph=\count192
\c@subparagraph=\count193
\c@figure=\count194
\c@table=\count195
\abovecaptionskip=\skip48
\belowcaptionskip=\skip49
\bibindent=\dimen140
) (/usr/local/texlive/2024/texmf-dist/tex/latex/lm/lmodern.sty
Package: lmodern 2015/05/01 v1.6.1 Latin Modern Fonts
LaTeX Font Info:    Overwriting symbol font `operators' in version `normal'
(Font)                  OT1/cmr/m/n --> OT1/lmr/m/n on input line 22.
LaTeX Font Info:    Overwriting symbol font `letters' in version `normal'
(Font)                  OML/cmm/m/it --> OML/lmm/m/it on input line 23.
LaTeX Font Info:    Overwriting symbol font `symbols' in version `normal'
(Font)                  OMS/cmsy/m/n --> OMS/lmsy/m/n on input line 24.
LaTeX Font Info:    Overwriting symbol font `largesymbols' in version `normal'
(Font)                  OMX/cmex/m/n --> OMX/lmex/m/n on input line 25.
LaTeX Font Info:    Overwriting symbol font `operators' in version `bold'
(Font)                  OT1/cmr/bx/n --> OT1/lmr/bx/n on input line 26.
LaTeX Font Info:    Overwriting symbol font `letters' in version `bold'
(Font)                  OML/cmm/b/it --> OML/lmm/b/it on input line 27.
LaTeX Font Info:    Overwriting symbol font `symbols' in version `bold'
(Font)                  OMS/cmsy/b/n --> OMS/lmsy/b/n on input line 28.
LaTeX Font Info:    Overwriting symbol font `largesymbols' in version `bold'
(Font)                  OMX/cmex/m/n --> OMX/lmex/m/n on input line 29.
LaTeX Font Info:    Overwriting math alphabet `\mathbf' in version `normal'
(Font)                  OT1/cmr/bx/n --> OT1/lmr/bx/n on input line 31.
LaTeX Font Info:    Overwriting math alphabet `\mathsf' in version `normal'
(Font)                  OT1/cmss/m/n --> OT1/lmss/m/n on input line 32.
LaTeX Font Info:    Overwriting math alphabet `\mathit' in version `normal'
(Font)                  OT1/cmr/m/it --> OT1/lmr/m/it on input line 33.
LaTeX Font Info:    Overwriting math alphabet `\mathtt' in version `normal'
(Font)                  OT1/cmtt/m/n --> OT1/lmtt/m/n on input line 34.
LaTeX Font Info:    Overwriting math alphabet `\mathbf' in version `bold'
(Font)                  OT1/cmr/bx/n --> OT1/lmr/bx/n on input line 35.
LaTeX Font Info:    Overwriting math alphabet `\mathsf' in version `bold'
(Font)                  OT1/cmss/bx/n --> OT1/lmss/bx/n on input line 36.
LaTeX Font Info:    Overwriting math alphabet `\mathit' in version `bold'
(Font)                  OT1/cmr/bx/it --> OT1/lmr/bx/it on input line 37.
LaTeX Font Info:    Overwriting math alphabet `\mathtt' in version `bold'
(Font)                  OT1/cmtt/m/n --> OT1/lmtt/m/n on input line 38.
) (/usr/local/texlive/2024/texmf-dist/tex/latex/amsfonts/amssymb.sty
Package: amssymb 2013/01/14 v3.01 AMS font symbols
(/usr/local/texlive/2024/texmf-dist/tex/latex/amsfonts/amsfonts.sty
Package: amsfonts 2013/01/14 v3.01 Basic AMSFonts support
\@emptytoks=\toks17
\symAMSa=\mathgroup4
\symAMSb=\mathgroup5
LaTeX Font Info:    Redeclaring math symbol \hbar on input line 98.
LaTeX Font Info:    Overwriting math alphabet `\mathfrak' in version `bold'
(Font)                  U/euf/m/n --> U/euf/b/n on input line 106.
)) (/usr/local/texlive/2024/texmf-dist/tex/latex/amsmath/amsmath.sty
Package: amsmath 2023/05/13 v2.17o AMS math features
\@mathmargin=\skip50
For additional information on amsmath, use the `?' option.
(/usr/local/texlive/2024/texmf-dist/tex/latex/amsmath/amstext.sty
Package: amstext 2021/08/26 v2.01 AMS text
(/usr/local/texlive/2024/texmf-dist/tex/latex/amsmath/amsgen.sty
File: amsgen.sty 1999/11/30 v2.0 generic functions
\@emptytoks=\toks18
\ex@=\dimen141
)) (/usr/local/texlive/2024/texmf-dist/tex/latex/amsmath/amsbsy.sty
Package: amsbsy 1999/11/29 v1.2d Bold Symbols
\pmbraise@=\dimen142
) (/usr/local/texlive/2024/texmf-dist/tex/latex/amsmath/amsopn.sty
Package: amsopn 2022/04/08 v2.04 operator names
)
\inf@bad=\count196
LaTeX Info: Redefining \frac on input line 234.
\uproot@=\count197
\leftroot@=\count198
LaTeX Info: Redefining \overline on input line 399.
LaTeX Info: Redefining \colon on input line 410.
\classnum@=\count199
\DOTSCASE@=\count266
LaTeX Info: Redefining \ldots on input line 496.
LaTeX Info: Redefining \dots on input line 499.
LaTeX Info: Redefining \cdots on input line 620.
\Mathstrutbox@=\box51
\strutbox@=\box52
LaTeX Info: Redefining \big on input line 722.
LaTeX Info: Redefining \Big on input line 723.
LaTeX Info: Redefining \bigg on input line 724.
LaTeX Info: Redefining \Bigg on input line 725.
\big@size=\dimen143
LaTeX Font Info:    Redeclaring font encoding OML on input line 743.
LaTeX Font Info:    Redeclaring font encoding OMS on input line 744.
\macc@depth=\count267
LaTeX Info: Redefining \bmod on input line 905.
LaTeX Info: Redefining \pmod on input line 910.
LaTeX Info: Redefining \smash on input line 940.
LaTeX Info: Redefining \relbar on input line 970.
LaTeX Info: Redefining \Relbar on input line 971.
\c@MaxMatrixCols=\count268
\dotsspace@=\muskip16
\c@parentequation=\count269
\dspbrk@lvl=\count270
\tag@help=\toks19
\row@=\count271
\column@=\count272
\maxfields@=\count273
\andhelp@=\toks20
\eqnshift@=\dimen144
\alignsep@=\dimen145
\tagshift@=\dimen146
\tagwidth@=\dimen147
\totwidth@=\dimen148
\lineht@=\dimen149
\@envbody=\toks21
\multlinegap=\skip51
\multlinetaggap=\skip52
\mathdisplay@stack=\toks22
LaTeX Info: Redefining \[ on input line 2953.
LaTeX Info: Redefining \] on input line 2954.
) (/usr/local/texlive/2024/texmf-dist/tex/generic/iftex/ifxetex.sty
Package: ifxetex 2019/10/25 v0.7 ifxetex legacy package. Use iftex instead.
(/usr/local/texlive/2024/texmf-dist/tex/generic/iftex/iftex.sty
Package: iftex 2022/02/03 v1.0f TeX engine tests
)) (/usr/local/texlive/2024/texmf-dist/tex/generic/iftex/ifluatex.sty
Package: ifluatex 2019/10/25 v1.5 ifluatex legacy package. Use iftex instead.
) (/usr/local/texlive/2024/texmf-dist/tex/latex/base/fixltx2e.sty
Package: fixltx2e 2016/12/29 v2.1a fixes to LaTeX (obsolete)
Applying: [2015/01/01] Old fixltx2e package on input line 46.

Package fixltx2e Warning: fixltx2e is not required with releases after 2015
(fixltx2e)                All fixes are now in the LaTeX kernel.
(fixltx2e)                See the latexrelease package for details.

Already applied: [0000/00/00] Old fixltx2e package on input line 53.
) (/usr/local/texlive/2024/texmf-dist/tex/latex/base/fontenc.sty
Package: fontenc 2021/04/29 v2.0v Standard LaTeX package
LaTeX Font Info:    Trying to load font information for T1+lmr on input line 11
2.
(/usr/local/texlive/2024/texmf-dist/tex/latex/lm/t1lmr.fd
File: t1lmr.fd 2015/05/01 v1.6.1 Font defs for Latin Modern
)) (/usr/local/texlive/2024/texmf-dist/tex/latex/base/inputenc.sty
Package: inputenc 2021/02/14 v1.3d Input encoding file
\inpenc@prehook=\toks23
\inpenc@posthook=\toks24
) (/usr/local/texlive/2024/texmf-dist/tex/latex/upquote/upquote.sty
Package: upquote 2012/04/19 v1.3 upright-quote and grave-accent glyphs in verba
tim
(/usr/local/texlive/2024/texmf-dist/tex/latex/base/textcomp.sty
Package: textcomp 2020/02/02 v2.0n Standard LaTeX package
)) (/usr/local/texlive/2024/texmf-dist/tex/latex/microtype/microtype.sty
Package: microtype 2023/03/13 v3.1a Micro-typographical refinements (RS)
(/usr/local/texlive/2024/texmf-dist/tex/latex/graphics/keyval.sty
Package: keyval 2022/05/29 v1.15 key=value parser (DPC)
\KV@toks@=\toks25
) (/usr/local/texlive/2024/texmf-dist/tex/latex/etoolbox/etoolbox.sty
Package: etoolbox 2020/10/05 v2.5k e-TeX tools for LaTeX (JAW)
\etb@tempcnta=\count274
)
\MT@toks=\toks26
\MT@tempbox=\box53
\MT@count=\count275
LaTeX Info: Redefining \noprotrusionifhmode on input line 1059.
LaTeX Info: Redefining \leftprotrusion on input line 1060.
\MT@prot@toks=\toks27
LaTeX Info: Redefining \rightprotrusion on input line 1078.
LaTeX Info: Redefining \textls on input line 1368.
\MT@outer@kern=\dimen150
LaTeX Info: Redefining \textmicrotypecontext on input line 1988.
\MT@listname@count=\count276
(/usr/local/texlive/2024/texmf-dist/tex/latex/microtype/microtype-pdftex.def
File: microtype-pdftex.def 2023/03/13 v3.1a Definitions specific to pdftex (RS)

LaTeX Info: Redefining \lsstyle on input line 902.
LaTeX Info: Redefining \lslig on input line 902.
\MT@outer@space=\skip53
)
Package microtype Info: Loading configuration file microtype.cfg.
(/usr/local/texlive/2024/texmf-dist/tex/latex/microtype/microtype.cfg
File: microtype.cfg 2023/03/13 v3.1a microtype main configuration file (RS)
)) (/usr/local/texlive/2024/texmf-dist/tex/latex/tools/longtable.sty
Package: longtable 2023-11-01 v4.19 Multi-page Table package (DPC)
\LTleft=\skip54
\LTright=\skip55
\LTpre=\skip56
\LTpost=\skip57
\LTchunksize=\count277
\LTcapwidth=\dimen151
\LT@head=\box54
\LT@firsthead=\box55
\LT@foot=\box56
\LT@lastfoot=\box57
\LT@gbox=\box58
\LT@cols=\count278
\LT@rows=\count279
\c@LT@tables=\count280
\c@LT@chunks=\count281
\LT@p@ftn=\toks28
) (/usr/local/texlive/2024/texmf-dist/tex/latex/booktabs/booktabs.sty
Package: booktabs 2020/01/12 v1.61803398 Publication quality tables
\heavyrulewidth=\dimen152
\lightrulewidth=\dimen153
\cmidrulewidth=\dimen154
\belowrulesep=\dimen155
\belowbottomsep=\dimen156
\aboverulesep=\dimen157
\abovetopsep=\dimen158
\cmidrulesep=\dimen159
\cmidrulekern=\dimen160
\defaultaddspace=\dimen161
\@cmidla=\count282
\@cmidlb=\count283
\@aboverulesep=\dimen162
\@belowrulesep=\dimen163
\@thisruleclass=\count284
\@lastruleclass=\count285
\@thisrulewidth=\dimen164
) (/usr/local/texlive/2024/texmf-dist/tex/latex/graphics/graphicx.sty
Package: graphicx 2021/09/16 v1.2d Enhanced LaTeX Graphics (DPC,SPQR)
(/usr/local/texlive/2024/texmf-dist/tex/latex/graphics/graphics.sty
Package: graphics 2022/03/10 v1.4e Standard LaTeX Graphics (DPC,SPQR)
(/usr/local/texlive/2024/texmf-dist/tex/latex/graphics/trig.sty
Package: trig 2021/08/11 v1.11 sin cos tan (DPC)
) (/usr/local/texlive/2024/texmf-dist/tex/latex/graphics-cfg/graphics.cfg
File: graphics.cfg 2016/06/04 v1.11 sample graphics configuration
)
Package graphics Info: Driver file: pdftex.def on input line 107.
(/usr/local/texlive/2024/texmf-dist/tex/latex/graphics-def/pdftex.def
File: pdftex.def 2022/09/22 v1.2b Graphics/color driver for pdftex
))
\Gin@req@height=\dimen165
\Gin@req@width=\dimen166
) (/usr/local/texlive/2024/texmf-dist/tex/latex/grffile/grffile.sty
Package: grffile 2019/11/11 v2.1 Extended file name support for graphics (legac
y)
Package grffile Info: This package is an empty stub for compatibility on input 
line 40.
) (/usr/local/texlive/2024/texmf-dist/tex/latex/parskip/parskip.sty
Package: parskip 2021-03-14 v2.0h non-zero parskip adjustments
(/usr/local/texlive/2024/texmf-dist/tex/latex/kvoptions/kvoptions.sty
Package: kvoptions 2022-06-15 v3.15 Key value format for package options (HO)
(/usr/local/texlive/2024/texmf-dist/tex/generic/ltxcmds/ltxcmds.sty
Package: ltxcmds 2023-12-04 v1.26 LaTeX kernel commands for general use (HO)
) (/usr/local/texlive/2024/texmf-dist/tex/latex/kvsetkeys/kvsetkeys.sty
Package: kvsetkeys 2022-10-05 v1.19 Key value parser (HO)
))) (/usr/local/texlive/2024/texmf-dist/tex/latex/titling/titling.sty
Package: titling 2009/09/04 v2.1d maketitle typesetting
\thanksmarkwidth=\skip58
\thanksmargin=\skip59
\droptitle=\skip60
)
(/Library/Frameworks/R.framework/Versions/4.4-x86_64/Resources/library/BiocStyl
e/resources/tex/Bioconductor.sty

LaTeX Warning: You have requested package `/Library/Frameworks/R.framework/Vers
ions/4.4-x86_64/Resources/library/BiocStyle/resources/tex/Bioconductor',
               but the package provides `Bioconductor'.

Package: Bioconductor 2016/06/22 Bioconductor LaTeX Style
(/usr/local/texlive/2024/texmf-dist/tex/latex/base/ifthen.sty
Package: ifthen 2022/04/13 v1.1d Standard LaTeX ifthen package (DPC)
) (/usr/local/texlive/2024/texmf-dist/tex/latex/xcolor/xcolor.sty
Package: xcolor 2023/11/15 v3.01 LaTeX color extensions (UK)
(/usr/local/texlive/2024/texmf-dist/tex/latex/graphics-cfg/color.cfg
File: color.cfg 2016/01/02 v1.6 sample color configuration
)
Package xcolor Info: Driver file: pdftex.def on input line 274.
(/usr/local/texlive/2024/texmf-dist/tex/latex/graphics/mathcolor.ltx)
Package xcolor Info: Model `cmy' substituted by `cmy0' on input line 1350.
Package xcolor Info: Model `hsb' substituted by `rgb' on input line 1354.
Package xcolor Info: Model `RGB' extended on input line 1366.
Package xcolor Info: Model `HTML' substituted by `rgb' on input line 1368.
Package xcolor Info: Model `Hsb' substituted by `hsb' on input line 1369.
Package xcolor Info: Model `tHsb' substituted by `hsb' on input line 1370.
Package xcolor Info: Model `HSB' substituted by `hsb' on input line 1371.
Package xcolor Info: Model `Gray' substituted by `gray' on input line 1372.
Package xcolor Info: Model `wave' substituted by `hsb' on input line 1373.
) (/usr/local/texlive/2024/texmf-dist/tex/latex/hyperref/hyperref.sty
Package: hyperref 2024-01-20 v7.01h Hypertext links for LaTeX
(/usr/local/texlive/2024/texmf-dist/tex/generic/kvdefinekeys/kvdefinekeys.sty
Package: kvdefinekeys 2019-12-19 v1.6 Define keys (HO)
) (/usr/local/texlive/2024/texmf-dist/tex/generic/pdfescape/pdfescape.sty
Package: pdfescape 2019/12/09 v1.15 Implements pdfTeX's escape features (HO)
(/usr/local/texlive/2024/texmf-dist/tex/generic/pdftexcmds/pdftexcmds.sty
Package: pdftexcmds 2020-06-27 v0.33 Utility functions of pdfTeX for LuaTeX (HO
)
(/usr/local/texlive/2024/texmf-dist/tex/generic/infwarerr/infwarerr.sty
Package: infwarerr 2019/12/03 v1.5 Providing info/warning/error messages (HO)
)
Package pdftexcmds Info: \pdf@primitive is available.
Package pdftexcmds Info: \pdf@ifprimitive is available.
Package pdftexcmds Info: \pdfdraftmode found.
)) (/usr/local/texlive/2024/texmf-dist/tex/latex/hycolor/hycolor.sty
Package: hycolor 2020-01-27 v1.10 Color options for hyperref/bookmark (HO)
) (/usr/local/texlive/2024/texmf-dist/tex/latex/auxhook/auxhook.sty
Package: auxhook 2019-12-17 v1.6 Hooks for auxiliary files (HO)
) (/usr/local/texlive/2024/texmf-dist/tex/latex/hyperref/nameref.sty
Package: nameref 2023-11-26 v2.56 Cross-referencing by name of section
(/usr/local/texlive/2024/texmf-dist/tex/latex/refcount/refcount.sty
Package: refcount 2019/12/15 v3.6 Data extraction from label references (HO)
)
(/usr/local/texlive/2024/texmf-dist/tex/generic/gettitlestring/gettitlestring.s
ty
Package: gettitlestring 2019/12/15 v1.6 Cleanup title references (HO)
)
\c@section@level=\count286
)
\@linkdim=\dimen167
\Hy@linkcounter=\count287
\Hy@pagecounter=\count288
(/usr/local/texlive/2024/texmf-dist/tex/latex/hyperref/pd1enc.def
File: pd1enc.def 2024-01-20 v7.01h Hyperref: PDFDocEncoding definition (HO)
Now handling font encoding PD1 ...
... no UTF-8 mapping file for font encoding PD1
) (/usr/local/texlive/2024/texmf-dist/tex/generic/intcalc/intcalc.sty
Package: intcalc 2019/12/15 v1.3 Expandable calculations with integers (HO)
)
\Hy@SavedSpaceFactor=\count289
(/usr/local/texlive/2024/texmf-dist/tex/latex/hyperref/puenc.def
File: puenc.def 2024-01-20 v7.01h Hyperref: PDF Unicode definition (HO)
Now handling font encoding PU ...
... no UTF-8 mapping file for font encoding PU
)
Package hyperref Info: Option `pdfpagelabels' set `true' on input line 4062.
Package hyperref Info: Option `plainpages' set `false' on input line 4062.
Package hyperref Info: Option `bookmarks' set `true' on input line 4062.
Package hyperref Info: Option `bookmarksopen' set `true' on input line 4062.
Package hyperref Info: Option `bookmarksnumbered' set `true' on input line 4062
.
Package hyperref Info: Option `hyperfootnotes' set `false' on input line 4062.
Package hyperref Info: Option `colorlinks' set `true' on input line 4062.
Package hyperref Info: Option `breaklinks' set `true' on input line 4062.
Package hyperref Info: Option `raiselinks' set `true' on input line 4062.
Package hyperref Info: Option `pdfusetitle' set `true' on input line 4062.
Package hyperref Info: Hyper figures OFF on input line 4179.
Package hyperref Info: Link nesting OFF on input line 4184.
Package hyperref Info: Hyper index ON on input line 4187.
Package hyperref Info: Plain pages OFF on input line 4194.
Package hyperref Info: Backreferencing OFF on input line 4199.
Package hyperref Info: Implicit mode ON; LaTeX internals redefined.
Package hyperref Info: Bookmarks ON on input line 4446.
\c@Hy@tempcnt=\count290
(/usr/local/texlive/2024/texmf-dist/tex/latex/url/url.sty
\Urlmuskip=\muskip17
Package: url 2013/09/16  ver 3.4  Verb mode for urls, etc.
)
LaTeX Info: Redefining \url on input line 4784.
\XeTeXLinkMargin=\dimen168
(/usr/local/texlive/2024/texmf-dist/tex/generic/bitset/bitset.sty
Package: bitset 2019/12/09 v1.3 Handle bit-vector datatype (HO)
(/usr/local/texlive/2024/texmf-dist/tex/generic/bigintcalc/bigintcalc.sty
Package: bigintcalc 2019/12/15 v1.5 Expandable calculations on big integers (HO
)
))
\Fld@menulength=\count291
\Field@Width=\dimen169
\Fld@charsize=\dimen170
Package hyperref Info: Hyper figures OFF on input line 6063.
Package hyperref Info: Link nesting OFF on input line 6068.
Package hyperref Info: Hyper index ON on input line 6071.
Package hyperref Info: backreferencing OFF on input line 6078.
Package hyperref Info: Link coloring ON on input line 6081.
Package hyperref Info: Link coloring with OCG OFF on input line 6088.
Package hyperref Info: PDF/A mode OFF on input line 6093.
(/usr/local/texlive/2024/texmf-dist/tex/latex/base/atbegshi-ltx.sty
Package: atbegshi-ltx 2021/01/10 v1.0c Emulation of the original atbegshi
package with kernel methods
)
\Hy@abspage=\count292
\c@Item=\count293
)
Package hyperref Info: Driver: hpdftex.
(/usr/local/texlive/2024/texmf-dist/tex/latex/hyperref/hpdftex.def
File: hpdftex.def 2024-01-20 v7.01h Hyperref driver for pdfTeX
(/usr/local/texlive/2024/texmf-dist/tex/latex/base/atveryend-ltx.sty
Package: atveryend-ltx 2020/08/19 v1.0a Emulation of the original atveryend pac
kage
with kernel methods
)
\Fld@listcount=\count294
\c@bookmark@seq@number=\count295

(/usr/local/texlive/2024/texmf-dist/tex/latex/rerunfilecheck/rerunfilecheck.sty
Package: rerunfilecheck 2022-07-10 v1.10 Rerun checks for auxiliary files (HO)

(/usr/local/texlive/2024/texmf-dist/tex/generic/uniquecounter/uniquecounter.sty
Package: uniquecounter 2019/12/15 v1.4 Provide unlimited unique counter (HO)
)
Package uniquecounter Info: New unique counter `rerunfilecheck' on input line 2
85.
)
\Hy@SectionHShift=\skip61
) (/usr/local/texlive/2024/texmf-dist/tex/latex/geometry/geometry.sty
Package: geometry 2020/01/02 v5.9 Page Geometry
(/usr/local/texlive/2024/texmf-dist/tex/generic/iftex/ifvtex.sty
Package: ifvtex 2019/10/25 v1.7 ifvtex legacy package. Use iftex instead.
)
\Gm@cnth=\count296
\Gm@cntv=\count297
\c@Gm@tempcnt=\count298
\Gm@bindingoffset=\dimen171
\Gm@wd@mp=\dimen172
\Gm@odd@mp=\dimen173
\Gm@even@mp=\dimen174
\Gm@layoutwidth=\dimen175
\Gm@layoutheight=\dimen176
\Gm@layouthoffset=\dimen177
\Gm@layoutvoffset=\dimen178
\Gm@dimlist=\toks29
)
\hfskip=\skip62
\layoutw=\skip63
\layouth=\skip64
\layouthoff=\skip65
\layoutvoff=\skip66
\overhang=\skip67
\rightoffset=\skip68
\fltoffset=\skip69
\capoffset=\skip70
(/usr/local/texlive/2024/texmf-dist/tex/latex/bera/beramono.sty
Package: beramono 2004/01/31 (WaS)
) (/usr/local/texlive/2024/texmf-dist/tex/latex/base/fontenc.sty
Package: fontenc 2021/04/29 v2.0v Standard LaTeX package
LaTeX Font Info:    Trying to load font information for T1+lmss on input line 1
12.
(/usr/local/texlive/2024/texmf-dist/tex/latex/lm/t1lmss.fd
File: t1lmss.fd 2015/05/01 v1.6.1 Font defs for Latin Modern
)) (/usr/local/texlive/2024/texmf-dist/tex/latex/titlesec/titlesec.sty
Package: titlesec 2023/10/27 v2.16 Sectioning titles
\ttl@box=\box59
\beforetitleunit=\skip71
\aftertitleunit=\skip72
\ttl@plus=\dimen179
\ttl@minus=\dimen180
\ttl@toksa=\toks30
\titlewidth=\dimen181
\titlewidthlast=\dimen182
\titlewidthfirst=\dimen183
) (/usr/local/texlive/2024/texmf-dist/tex/latex/framed/framed.sty
Package: framed 2011/10/22 v 0.96: framed or shaded text with page breaks
\OuterFrameSep=\skip73
\fb@frw=\dimen184
\fb@frh=\dimen185
\FrameRule=\dimen186
\FrameSep=\dimen187
)
\voverhang=\skip74
(/usr/local/texlive/2024/texmf-dist/tex/latex/fancyhdr/fancyhdr.sty
Package: fancyhdr 2022/11/09 v4.1 Extensive control of page headers and footers

\f@nch@headwidth=\skip75
\f@nch@O@elh=\skip76
\f@nch@O@erh=\skip77
\f@nch@O@olh=\skip78
\f@nch@O@orh=\skip79
\f@nch@O@elf=\skip80
\f@nch@O@erf=\skip81
\f@nch@O@olf=\skip82
\f@nch@O@orf=\skip83
) (/usr/local/texlive/2024/texmf-dist/tex/latex/enumitem/enumitem.sty
Package: enumitem 2019/06/20 v3.9 Customized lists
\labelindent=\skip84
\enit@outerparindent=\dimen188
\enit@toks=\toks31
\enit@inbox=\box60
\enit@count@id=\count299
\enitdp@description=\count300
) (/usr/local/texlive/2024/texmf-dist/tex/latex/nowidow/nowidow.sty
Package: nowidow 2011/09/20 1.0 Easily prevent widows and orphans
Package: nowidow 
) (/usr/local/texlive/2024/texmf-dist/tex/latex/parnotes/parnotes.sty
Package: parnotes 2019/07/23 rev. 3b Notes after every paragraph, or elsewhere
\c@parnotemark=\count301
) (/usr/local/texlive/2024/texmf-dist/tex/latex/preprint/authblk.sty
Package: authblk 2001/02/27 1.3 (PWD)
\affilsep=\skip85
\@affilsep=\skip86
\c@Maxaffil=\count302
\c@authors=\count303
\c@affil=\count304
) (/usr/local/texlive/2024/texmf-dist/tex/generic/soul/soul.sty
Package: soul 2023-06-14 v3.1 Permit use of UTF-8 characters in soul (HO)
(/usr/local/texlive/2024/texmf-dist/tex/generic/soul/soul-ori.sty
Package: soul-ori 2023-06-14 v3.1 letterspacing/underlining (mf)
\SOUL@word=\toks32
\SOUL@lasttoken=\toks33
\SOUL@syllable=\toks34
\SOUL@cmds=\toks35
\SOUL@buffer=\toks36
\SOUL@token=\toks37
\SOUL@syllgoal=\dimen189
\SOUL@syllwidth=\dimen190
\SOUL@charkern=\dimen191
\SOUL@hyphkern=\dimen192
\SOUL@dimen=\dimen193
\SOUL@dimeni=\dimen194
\SOUL@minus=\count305
\SOUL@comma=\count306
\SOUL@apo=\count307
\SOUL@grave=\count308
\SOUL@spaceskip=\skip87
\SOUL@ttwidth=\dimen195
\SOUL@uldp=\dimen196
\SOUL@ulht=\dimen197
) (/usr/local/texlive/2024/texmf-dist/tex/generic/etexcmds/etexcmds.sty
Package: etexcmds 2019/12/15 v1.7 Avoid name clashes with e-TeX commands (HO)
)) (/usr/local/texlive/2024/texmf-dist/tex/latex/placeins/placeins.sty
Package: placeins 2005/04/18  v 2.2
) (/usr/local/texlive/2024/texmf-dist/tex/latex/ragged2e/ragged2e.sty
Package: ragged2e 2023/06/22 v3.6 ragged2e Package
\CenteringLeftskip=\skip88
\RaggedLeftLeftskip=\skip89
\RaggedRightLeftskip=\skip90
\CenteringRightskip=\skip91
\RaggedLeftRightskip=\skip92
\RaggedRightRightskip=\skip93
\CenteringParfillskip=\skip94
\RaggedLeftParfillskip=\skip95
\RaggedRightParfillskip=\skip96
\JustifyingParfillskip=\skip97
\CenteringParindent=\skip98
\RaggedLeftParindent=\skip99
\RaggedRightParindent=\skip100
\JustifyingParindent=\skip101
) (/usr/local/texlive/2024/texmf-dist/tex/latex/footmisc/footmisc.sty
Package: footmisc 2023/07/05 v6.0f a miscellany of footnote facilities
\FN@temptoken=\toks38
\footnotemargin=\dimen198
\@outputbox@depth=\dimen199
Package footmisc Info: Declaring symbol style bringhurst on input line 696.
Package footmisc Info: Declaring symbol style chicago on input line 704.
Package footmisc Info: Declaring symbol style wiley on input line 713.
Package footmisc Info: Declaring symbol style lamport-robust on input line 724.

Package footmisc Info: Declaring symbol style lamport* on input line 744.
Package footmisc Info: Declaring symbol style lamport*-robust on input line 765
.
) (/usr/local/texlive/2024/texmf-dist/tex/latex/marginfix/marginfix.sty
Package: marginfix 2020/05/06 v1.2 Fix Margin Paragraphs
\Mfx@inject@insert=\insert252
\Mfx@marginbox=\box61
\Mfx@marginpos@min=\dimen256
\Mfx@marginpos@max=\dimen257
\Mfx@marginspace=\dimen258
\Mfx@marginheight=\dimen259
\Mfx@piece@content=\box62
\Mfx@piece@count=\count309
\Mfx@mparshift=\dimen260
\marginheightadjustment=\dimen261
\marginposadjustment=\dimen262
\Mfx@strutheight=\dimen263
) (/usr/local/texlive/2024/texmf-dist/tex/latex/changepage/changepage.sty
Package: changepage 2009/10/20 v1.0c check page and change page layout
\c@cp@cntr=\count310
\cp@tempcnt=\count311
) (/usr/local/texlive/2024/texmf-dist/tex/latex/caption/caption.sty
Package: caption 2023/08/05 v3.6o Customizing captions (AR)
(/usr/local/texlive/2024/texmf-dist/tex/latex/caption/caption3.sty
Package: caption3 2023/07/31 v2.4d caption3 kernel (AR)
\caption@tempdima=\dimen264
\captionmargin=\dimen265
\caption@leftmargin=\dimen266
\caption@rightmargin=\dimen267
\caption@width=\dimen268
\caption@indent=\dimen269
\caption@parindent=\dimen270
\caption@hangindent=\dimen271
Package caption Info: Standard document class detected.
)
\c@caption@flags=\count312
\c@continuedfloat=\count313
Package caption Info: changepage package is loaded.
\caption@adjustwidth@hsize=\dimen272
\caption@adjustwidth@linewidth=\dimen273
Package caption Info: hyperref package is loaded.
Package caption Info: longtable package is loaded.
(/usr/local/texlive/2024/texmf-dist/tex/latex/caption/ltcaption.sty
Package: ltcaption 2021/01/08 v1.4c longtable captions (AR)
)) (/usr/local/texlive/2024/texmf-dist/tex/generic/xstring/xstring.sty (/usr/lo
cal/texlive/2024/texmf-dist/tex/generic/xstring/xstring.tex
\xs_counta=\count314
\xs_countb=\count315
)
Package: xstring 2023/08/22 v1.86 String manipulations (CT)
) (/usr/local/texlive/2024/texmf-dist/tex/latex/titlesec/titletoc.sty
Package: titletoc 2023/10/27 v2.16 TOC entries
\ttl@leftsep=\dimen274
)
\rightextend=\skip102
(/usr/local/texlive/2024/texmf-dist/tex/latex/mathtools/mathtools.sty
Package: mathtools 2024/03/11 v1.30 mathematical typesetting tools
(/usr/local/texlive/2024/texmf-dist/tex/latex/tools/calc.sty
Package: calc 2023/07/08 v4.3 Infix arithmetic (KKT,FJ)
\calc@Acount=\count316
\calc@Bcount=\count317
\calc@Adimen=\dimen275
\calc@Bdimen=\dimen276
\calc@Askip=\skip103
\calc@Bskip=\skip104
LaTeX Info: Redefining \setlength on input line 80.
LaTeX Info: Redefining \addtolength on input line 81.
\calc@Ccount=\count318
\calc@Cskip=\skip105
) (/usr/local/texlive/2024/texmf-dist/tex/latex/mathtools/mhsetup.sty
Package: mhsetup 2021/03/18 v1.4 programming setup (MH)
)
\g_MT_multlinerow_int=\count319
\l_MT_multwidth_dim=\dimen277
\origjot=\skip106
\l_MT_shortvdotswithinadjustabove_dim=\dimen278
\l_MT_shortvdotswithinadjustbelow_dim=\dimen279
\l_MT_above_intertext_sep=\dimen280
\l_MT_below_intertext_sep=\dimen281
\l_MT_above_shortintertext_sep=\dimen282
\l_MT_below_shortintertext_sep=\dimen283
\xmathstrut@box=\box63
\xmathstrut@dim=\dimen284
)
Skipping longtable patch
) (/usr/local/texlive/2024/texmf-dist/tex/latex/fancyvrb/fancyvrb.sty
Package: fancyvrb 2024/01/20 4.5c verbatim text (tvz,hv)
\FV@CodeLineNo=\count320
\FV@InFile=\read2
\FV@TabBox=\box64
\c@FancyVerbLine=\count321
\FV@StepNumber=\count322
\FV@OutFile=\write3
) (/usr/local/texlive/2024/texmf-dist/tex/latex/l3backend/l3backend-pdftex.def
File: l3backend-pdftex.def 2024-02-20 L3 backend support: PDF output (pdfTeX)
\l__color_backend_stack_int=\count323
\l__pdf_internal_box=\box65
) (./fdrSAFE.aux)
\openout1 = `fdrSAFE.aux'.

LaTeX Font Info:    Checking defaults for OML/cmm/m/it on input line 138.
LaTeX Font Info:    ... okay on input line 138.
LaTeX Font Info:    Checking defaults for OMS/cmsy/m/n on input line 138.
LaTeX Font Info:    ... okay on input line 138.
LaTeX Font Info:    Checking defaults for OT1/cmr/m/n on input line 138.
LaTeX Font Info:    ... okay on input line 138.
LaTeX Font Info:    Checking defaults for T1/cmr/m/n on input line 138.
LaTeX Font Info:    ... okay on input line 138.
LaTeX Font Info:    Checking defaults for TS1/cmr/m/n on input line 138.
LaTeX Font Info:    ... okay on input line 138.
LaTeX Font Info:    Checking defaults for OMX/cmex/m/n on input line 138.
LaTeX Font Info:    ... okay on input line 138.
LaTeX Font Info:    Checking defaults for U/cmr/m/n on input line 138.
LaTeX Font Info:    ... okay on input line 138.
LaTeX Font Info:    Checking defaults for PD1/pdf/m/n on input line 138.
LaTeX Font Info:    ... okay on input line 138.
LaTeX Font Info:    Checking defaults for PU/pdf/m/n on input line 138.
LaTeX Font Info:    ... okay on input line 138.
LaTeX Info: Redefining \microtypecontext on input line 138.
Package microtype Info: Applying patch `item' on input line 138.
Package microtype Info: Applying patch `toc' on input line 138.
Package microtype Info: The `eqnum' patch may not be effective because you are
(microtype)             using the mathtools package. Make sure to insert
(microtype)             `\leftprotrusion' and `\rightprotrusion' as
(microtype)             appropriate in mathtools's `\newtagform' command.
Package microtype Info: Applying patch `eqnum' on input line 138.
Package microtype Info: Applying patch `footnote' on input line 138.
Package microtype Info: Applying patch `verbatim' on input line 138.
Package microtype Info: Generating PDF output.
Package microtype Info: Character protrusion enabled (level 2).
Package microtype Info: Using protrusion set `basicmath'.
Package microtype Info: Automatic font expansion enabled (level 2),
(microtype)             stretch: 20, shrink: 20, step: 1, non-selected.
Package microtype Info: Using default expansion set `alltext-nott'.
LaTeX Info: Redefining \showhyphens on input line 138.
Package microtype Info: No adjustment of tracking.
Package microtype Info: No adjustment of interword spacing.
Package microtype Info: No adjustment of character kerning.
Package microtype Info: Loading generic protrusion settings for font family
(microtype)             `lmss' (encoding: T1).
(microtype)             For optimal results, create family-specific settings.
(microtype)             See the microtype manual for details.
(/usr/local/texlive/2024/texmf-dist/tex/context/base/mkii/supp-pdf.mkii
[Loading MPS to PDF converter (version 2006.09.02).]
\scratchcounter=\count324
\scratchdimen=\dimen285
\scratchbox=\box66
\nofMPsegments=\count325
\nofMParguments=\count326
\everyMPshowfont=\toks39
\MPscratchCnt=\count327
\MPscratchDim=\dimen286
\MPnumerator=\count328
\makeMPintoPDFobject=\count329
\everyMPtoPDFconversion=\toks40
) (/usr/local/texlive/2024/texmf-dist/tex/latex/epstopdf-pkg/epstopdf-base.sty
Package: epstopdf-base 2020-01-24 v2.11 Base part for package epstopdf
Package epstopdf-base Info: Redefining graphics rule for `.eps' on input line 4
85.
(/usr/local/texlive/2024/texmf-dist/tex/latex/latexconfig/epstopdf-sys.cfg
File: epstopdf-sys.cfg 2010/07/13 v1.3 Configuration of (r)epstopdf for TeX Liv
e
))
Package hyperref Info: Link coloring ON on input line 138.
(./fdrSAFE.out) (./fdrSAFE.out)
\@outlinefile=\write4
\openout4 = `fdrSAFE.out'.

*geometry* driver: auto-detecting
*geometry* detected driver: pdftex
*geometry* verbose mode - [ preamble ] result:
* driver: pdftex
* paper: <default>
* layout: <custom>
* layout(width,height): (597.50787pt,794.96999pt)
* layoutoffset:(h,v)=(8.39355pt,0.0pt)
* modes: includehead includefoot 
* h-part:(L,W,R)=(85.35826pt, 384.11221pt, 128.0374pt)
* v-part:(T,H,B)=(42.67912pt, 709.61174pt, 42.67912pt)
* \paperwidth=614.295pt
* \paperheight=794.96999pt
* \textwidth=384.11221pt
* \textheight=624.2535pt
* \oddsidemargin=21.48183pt
* \evensidemargin=21.48183pt
* \topmargin=-29.59087pt
* \headheight=47.0pt
* \headsep=0.0pt
* \topskip=10.0pt
* \footskip=42.67912pt
* \marginparwidth=85.35826pt
* \marginparsep=14.22636pt
* \columnsep=10.0pt
* \skip\footins=9.0pt plus 4.0pt minus 2.0pt
* \hoffset=0.0pt
* \voffset=0.0pt
* \mag=1000
* \@twocolumnfalse
* \@twosidefalse
* \@mparswitchfalse
* \@reversemarginfalse
* (1in=72.27pt=25.4mm, 1cm=28.453pt)

Package caption Info: Begin \AtBeginDocument code.
Package caption Info: End \AtBeginDocument code.
LaTeX Font Info:    Trying to load font information for T1+phv on input line 13
9.
(/usr/local/texlive/2024/texmf-dist/tex/latex/psnfss/t1phv.fd
File: t1phv.fd 2020/03/25 scalable font definitions for T1/phv.
)
LaTeX Font Info:    Font shape `T1/lmss/bx/it' in size <14.4> not available
(Font)              Font shape `T1/lmss/bx/sl' tried instead on input line 139.

(./fdrSAFE.toc)
\tf@toc=\write5
\openout5 = `fdrSAFE.toc'.

[1

{/usr/local/texlive/2024/texmf-var/fonts/map/pdftex/updmap/pdftex.map}{/usr/loc
al/texlive/2024/texmf-dist/fonts/enc/dvips/base/8r.enc}{/usr/local/texlive/2024
/texmf-dist/fonts/enc/dvips/lm/lm-ec.enc}]
LaTeX Font Info:    Trying to load font information for T1+fvm on input line 14
8.
(/usr/local/texlive/2024/texmf-dist/tex/latex/bera/t1fvm.fd
File: t1fvm.fd 2004/09/07 scalable font definitions for T1/fvm.
)
LaTeX Font Info:    Font shape `T1/fvm/m/n' will be
(Font)              scaled to size 7.98004pt on input line 148.
LaTeX Font Info:    Font shape `T1/fvm/m/it' in size <10> not available
(Font)              Font shape `T1/fvm/m/sl' tried instead on input line 149.
LaTeX Font Info:    Font shape `T1/fvm/m/sl' will be
(Font)              scaled to size 7.98004pt on input line 149.
LaTeX Font Info:    Trying to load font information for OT1+lmr on input line 1
87.
(/usr/local/texlive/2024/texmf-dist/tex/latex/lm/ot1lmr.fd
File: ot1lmr.fd 2015/05/01 v1.6.1 Font defs for Latin Modern
) (/usr/local/texlive/2024/texmf-dist/tex/latex/microtype/mt-cmr.cfg
File: mt-cmr.cfg 2013/05/19 v2.2 microtype config. file: Computer Modern Roman 
(RS)
)
LaTeX Font Info:    Trying to load font information for OML+lmm on input line 1
87.
(/usr/local/texlive/2024/texmf-dist/tex/latex/lm/omllmm.fd
File: omllmm.fd 2015/05/01 v1.6.1 Font defs for Latin Modern
)
LaTeX Font Info:    Trying to load font information for OMS+lmsy on input line 
187.
(/usr/local/texlive/2024/texmf-dist/tex/latex/lm/omslmsy.fd
File: omslmsy.fd 2015/05/01 v1.6.1 Font defs for Latin Modern
)
LaTeX Font Info:    Trying to load font information for OMX+lmex on input line 
187.
(/usr/local/texlive/2024/texmf-dist/tex/latex/lm/omxlmex.fd
File: omxlmex.fd 2015/05/01 v1.6.1 Font defs for Latin Modern
)
LaTeX Font Info:    External font `lmex10' loaded for size
(Font)              <10> on input line 187.
LaTeX Font Info:    External font `lmex10' loaded for size
(Font)              <7> on input line 187.
LaTeX Font Info:    External font `lmex10' loaded for size
(Font)              <5> on input line 187.
LaTeX Font Info:    Trying to load font information for U+msa on input line 187
.
(/usr/local/texlive/2024/texmf-dist/tex/latex/amsfonts/umsa.fd
File: umsa.fd 2013/01/14 v3.01 AMS symbols A
) (/usr/local/texlive/2024/texmf-dist/tex/latex/microtype/mt-msa.cfg
File: mt-msa.cfg 2006/02/04 v1.1 microtype config. file: AMS symbols (a) (RS)
)
LaTeX Font Info:    Trying to load font information for U+msb on input line 187
.
(/usr/local/texlive/2024/texmf-dist/tex/latex/amsfonts/umsb.fd
File: umsb.fd 2013/01/14 v3.01 AMS symbols B
) (/usr/local/texlive/2024/texmf-dist/tex/latex/microtype/mt-msb.cfg
File: mt-msb.cfg 2005/06/01 v1.0 microtype config. file: AMS symbols (b) (RS)
)
LaTeX Font Info:    Trying to load font information for TS1+fvm on input line 2
05.
(/usr/local/texlive/2024/texmf-dist/tex/latex/bera/ts1fvm.fd
File: ts1fvm.fd 2004/09/07 scalable font definitions for TS1/fvm.
)
LaTeX Font Info:    Font shape `TS1/fvm/m/n' will be
(Font)              scaled to size 7.98004pt on input line 205.
[2{/usr/local/texlive/2024/texmf-dist/fonts/enc/dvips/lm/lm-mathit.enc}{/usr/lo
cal/texlive/2024/texmf-dist/fonts/enc/dvips/lm/lm-rm.enc}{/usr/local/texlive/20
24/texmf-dist/fonts/enc/dvips/lm/lm-mathsy.enc}]
</private/var/folders/wk/52d5tlnx27d57n9kxccprcfc0000gn/T/RtmpoShpU0/preview-e9
d7167eb125.dir/fdrSAFE_files/figure-latex/unnamed-chunk-4-1.pdf, id=54, 560.092
5pt x 348.30125pt>
File: /private/var/folders/wk/52d5tlnx27d57n9kxccprcfc0000gn/T/RtmpoShpU0/previ
ew-e9d7167eb125.dir/fdrSAFE_files/figure-latex/unnamed-chunk-4-1.pdf Graphic fi
le (type pdf)
<use /private/var/folders/wk/52d5tlnx27d57n9kxccprcfc0000gn/T/RtmpoShpU0/previe
w-e9d7167eb125.dir/fdrSAFE_files/figure-latex/unnamed-chunk-4-1.pdf>
Package pdftex.def Info: /private/var/folders/wk/52d5tlnx27d57n9kxccprcfc0000gn
/T/RtmpoShpU0/preview-e9d7167eb125.dir/fdrSAFE_files/figure-latex/unnamed-chunk
-4-1.pdf  used on input line 216.
(pdftex.def)             Requested size: 341.44226pt x 212.33058pt.
[3 </private/var/folders/wk/52d5tlnx27d57n9kxccprcfc0000gn/T/RtmpoShpU0/preview
-e9d7167eb125.dir/fdrSAFE_files/figure-latex/unnamed-chunk-4-1.pdf>] [4]
</private/var/folders/wk/52d5tlnx27d57n9kxccprcfc0000gn/T/RtmpoShpU0/preview-e9
d7167eb125.dir/fdrSAFE_files/figure-latex/unnamed-chunk-11-1.pdf, id=73, 561.09
625pt x 348.30125pt>
File: /private/var/folders/wk/52d5tlnx27d57n9kxccprcfc0000gn/T/RtmpoShpU0/previ
ew-e9d7167eb125.dir/fdrSAFE_files/figure-latex/unnamed-chunk-11-1.pdf Graphic f
ile (type pdf)
<use /private/var/folders/wk/52d5tlnx27d57n9kxccprcfc0000gn/T/RtmpoShpU0/previe
w-e9d7167eb125.dir/fdrSAFE_files/figure-latex/unnamed-chunk-11-1.pdf>
Package pdftex.def Info: /private/var/folders/wk/52d5tlnx27d57n9kxccprcfc0000gn
/T/RtmpoShpU0/preview-e9d7167eb125.dir/fdrSAFE_files/figure-latex/unnamed-chunk
-11-1.pdf  used on input line 319.
(pdftex.def)             Requested size: 341.42917pt x 211.94261pt.
</private/var/folders/wk/52d5tlnx27d57n9kxccprcfc0000gn/T/RtmpoShpU0/preview-e9
d7167eb125.dir/fdrSAFE_files/figure-latex/unnamed-chunk-14-1.pdf, id=74, 561.09
625pt x 348.30125pt>
File: /private/var/folders/wk/52d5tlnx27d57n9kxccprcfc0000gn/T/RtmpoShpU0/previ
ew-e9d7167eb125.dir/fdrSAFE_files/figure-latex/unnamed-chunk-14-1.pdf Graphic f
ile (type pdf)
<use /private/var/folders/wk/52d5tlnx27d57n9kxccprcfc0000gn/T/RtmpoShpU0/previe
w-e9d7167eb125.dir/fdrSAFE_files/figure-latex/unnamed-chunk-14-1.pdf>
Package pdftex.def Info: /private/var/folders/wk/52d5tlnx27d57n9kxccprcfc0000gn
/T/RtmpoShpU0/preview-e9d7167eb125.dir/fdrSAFE_files/figure-latex/unnamed-chunk
-14-1.pdf  used on input line 342.
(pdftex.def)             Requested size: 341.42917pt x 211.94261pt.
[5 </private/var/folders/wk/52d5tlnx27d57n9kxccprcfc0000gn/T/RtmpoShpU0/preview
-e9d7167eb125.dir/fdrSAFE_files/figure-latex/unnamed-chunk-11-1.pdf>] [6 </priv
ate/var/folders/wk/52d5tlnx27d57n9kxccprcfc0000gn/T/RtmpoShpU0/preview-e9d7167e
b125.dir/fdrSAFE_files/figure-latex/unnamed-chunk-14-1.pdf>] [7] [8]
Overfull \hbox (10.64711pt too wide) detected at line 499
[][]
 []


Overfull \hbox (25.67491pt too wide) in paragraph at lines 503--504
[]\T1/lmss/m/n/10 (-20) fdrSAFE re-sults re-port the fit syn-thetic gen-er-a-to
r in [][]\T1/fvm/m/n/10 fdr[][]SAFE_res$synthetic_generator$parameters[]\T1/lms
s/m/n/10 (-20) .
 []

[9]
</private/var/folders/wk/52d5tlnx27d57n9kxccprcfc0000gn/T/RtmpoShpU0/preview-e9
d7167eb125.dir/fdrSAFE_files/figure-latex/unnamed-chunk-22-1.pdf, id=117, 561.0
9625pt x 348.30125pt>
File: /private/var/folders/wk/52d5tlnx27d57n9kxccprcfc0000gn/T/RtmpoShpU0/previ
ew-e9d7167eb125.dir/fdrSAFE_files/figure-latex/unnamed-chunk-22-1.pdf Graphic f
ile (type pdf)
<use /private/var/folders/wk/52d5tlnx27d57n9kxccprcfc0000gn/T/RtmpoShpU0/previe
w-e9d7167eb125.dir/fdrSAFE_files/figure-latex/unnamed-chunk-22-1.pdf>
Package pdftex.def Info: /private/var/folders/wk/52d5tlnx27d57n9kxccprcfc0000gn
/T/RtmpoShpU0/preview-e9d7167eb125.dir/fdrSAFE_files/figure-latex/unnamed-chunk
-22-1.pdf  used on input line 537.
(pdftex.def)             Requested size: 341.42917pt x 211.94261pt.
[10 </private/var/folders/wk/52d5tlnx27d57n9kxccprcfc0000gn/T/RtmpoShpU0/previe
w-e9d7167eb125.dir/fdrSAFE_files/figure-latex/unnamed-chunk-22-1.pdf>]
</private/var/folders/wk/52d5tlnx27d57n9kxccprcfc0000gn/T/RtmpoShpU0/preview-e9
d7167eb125.dir/fdrSAFE_files/figure-latex/unnamed-chunk-25-1.pdf, id=129, 561.0
9625pt x 348.30125pt>
File: /private/var/folders/wk/52d5tlnx27d57n9kxccprcfc0000gn/T/RtmpoShpU0/previ
ew-e9d7167eb125.dir/fdrSAFE_files/figure-latex/unnamed-chunk-25-1.pdf Graphic f
ile (type pdf)
<use /private/var/folders/wk/52d5tlnx27d57n9kxccprcfc0000gn/T/RtmpoShpU0/previe
w-e9d7167eb125.dir/fdrSAFE_files/figure-latex/unnamed-chunk-25-1.pdf>
Package pdftex.def Info: /private/var/folders/wk/52d5tlnx27d57n9kxccprcfc0000gn
/T/RtmpoShpU0/preview-e9d7167eb125.dir/fdrSAFE_files/figure-latex/unnamed-chunk
-25-1.pdf  used on input line 599.
(pdftex.def)             Requested size: 341.42917pt x 211.94261pt.
LaTeX Font Info:    Font shape `T1/lmss/m/it' in size <10> not available
(Font)              Font shape `T1/lmss/m/sl' tried instead on input line 601.
[11 </private/var/folders/wk/52d5tlnx27d57n9kxccprcfc0000gn/T/RtmpoShpU0/previe
w-e9d7167eb125.dir/fdrSAFE_files/figure-latex/unnamed-chunk-25-1.pdf>] [12]
</private/var/folders/wk/52d5tlnx27d57n9kxccprcfc0000gn/T/RtmpoShpU0/preview-e9
d7167eb125.dir/fdrSAFE_files/figure-latex/unnamed-chunk-31-1.pdf, id=149, 561.0
9625pt x 350.30875pt>
File: /private/var/folders/wk/52d5tlnx27d57n9kxccprcfc0000gn/T/RtmpoShpU0/previ
ew-e9d7167eb125.dir/fdrSAFE_files/figure-latex/unnamed-chunk-31-1.pdf Graphic f
ile (type pdf)
<use /private/var/folders/wk/52d5tlnx27d57n9kxccprcfc0000gn/T/RtmpoShpU0/previe
w-e9d7167eb125.dir/fdrSAFE_files/figure-latex/unnamed-chunk-31-1.pdf>
Package pdftex.def Info: /private/var/folders/wk/52d5tlnx27d57n9kxccprcfc0000gn
/T/RtmpoShpU0/preview-e9d7167eb125.dir/fdrSAFE_files/figure-latex/unnamed-chunk
-31-1.pdf  used on input line 701.
(pdftex.def)             Requested size: 341.42917pt x 213.16418pt.
[13 </private/var/folders/wk/52d5tlnx27d57n9kxccprcfc0000gn/T/RtmpoShpU0/previe
w-e9d7167eb125.dir/fdrSAFE_files/figure-latex/unnamed-chunk-31-1.pdf>]
Package textcomp Info: Symbol \textasciigrave not provided by
(textcomp)             font family fvm in TS1 encoding.
(textcomp)             Default family used instead on input line 722.
LaTeX Font Info:    Trying to load font information for T1+cmtt on input line 7
22.
(/usr/local/texlive/2024/texmf-dist/tex/latex/base/t1cmtt.fd
File: t1cmtt.fd 2023/04/13 v2.5m Standard LaTeX font definitions
)
LaTeX Font Info:    Trying to load font information for TS1+cmtt on input line 
722.
(/usr/local/texlive/2024/texmf-dist/tex/latex/base/ts1cmtt.fd
File: ts1cmtt.fd 2023/04/13 v2.5m Standard LaTeX font definitions
)
Package textcomp Info: Symbol \textasciigrave not provided by
(textcomp)             font family fvm in TS1 encoding.
(textcomp)             Default family used instead on input line 722.
Package textcomp Info: Symbol \textasciigrave not provided by
(textcomp)             font family fvm in TS1 encoding.
(textcomp)             Default family used instead on input line 722.
Package textcomp Info: Symbol \textasciigrave not provided by
(textcomp)             font family fvm in TS1 encoding.
(textcomp)             Default family used instead on input line 722.
</private/var/folders/wk/52d5tlnx27d57n9kxccprcfc0000gn/T/RtmpoShpU0/preview-e9
d7167eb125.dir/fdrSAFE_files/figure-latex/unnamed-chunk-33-1.pdf, id=167, 561.0
9625pt x 350.30875pt>
File: /private/var/folders/wk/52d5tlnx27d57n9kxccprcfc0000gn/T/RtmpoShpU0/previ
ew-e9d7167eb125.dir/fdrSAFE_files/figure-latex/unnamed-chunk-33-1.pdf Graphic f
ile (type pdf)
<use /private/var/folders/wk/52d5tlnx27d57n9kxccprcfc0000gn/T/RtmpoShpU0/previe
w-e9d7167eb125.dir/fdrSAFE_files/figure-latex/unnamed-chunk-33-1.pdf>
Package pdftex.def Info: /private/var/folders/wk/52d5tlnx27d57n9kxccprcfc0000gn
/T/RtmpoShpU0/preview-e9d7167eb125.dir/fdrSAFE_files/figure-latex/unnamed-chunk
-33-1.pdf  used on input line 725.
(pdftex.def)             Requested size: 341.42917pt x 213.16418pt.
</private/var/folders/wk/52d5tlnx27d57n9kxccprcfc0000gn/T/RtmpoShpU0/preview-e9
d7167eb125.dir/fdrSAFE_files/figure-latex/unnamed-chunk-34-1.pdf, id=168, 568.1
225pt x 350.30875pt>
File: /private/var/folders/wk/52d5tlnx27d57n9kxccprcfc0000gn/T/RtmpoShpU0/previ
ew-e9d7167eb125.dir/fdrSAFE_files/figure-latex/unnamed-chunk-34-1.pdf Graphic f
ile (type pdf)
<use /private/var/folders/wk/52d5tlnx27d57n9kxccprcfc0000gn/T/RtmpoShpU0/previe
w-e9d7167eb125.dir/fdrSAFE_files/figure-latex/unnamed-chunk-34-1.pdf>
Package pdftex.def Info: /private/var/folders/wk/52d5tlnx27d57n9kxccprcfc0000gn
/T/RtmpoShpU0/preview-e9d7167eb125.dir/fdrSAFE_files/figure-latex/unnamed-chunk
-34-1.pdf  used on input line 732.
(pdftex.def)             Requested size: 341.44826pt x 210.53966pt.
[14{/usr/local/texlive/2024/texmf-dist/fonts/enc/dvips/cm-super/cm-super-ts1.en
c} </private/var/folders/wk/52d5tlnx27d57n9kxccprcfc0000gn/T/RtmpoShpU0/preview
-e9d7167eb125.dir/fdrSAFE_files/figure-latex/unnamed-chunk-33-1.pdf>] [15 </pri
vate/var/folders/wk/52d5tlnx27d57n9kxccprcfc0000gn/T/RtmpoShpU0/preview-e9d7167
eb125.dir/fdrSAFE_files/figure-latex/unnamed-chunk-34-1.pdf>] (./fdrSAFE.aux)
 ***********
LaTeX2e <2023-11-01> patch level 1
L3 programming layer <2024-02-20>
 ***********
Package rerunfilecheck Info: File `fdrSAFE.out' has not changed.
(rerunfilecheck)             Checksum: 2E48C2789075EF0219E91194C35AF5B5;831.
 ) 
Here is how much of TeX's memory you used:
 18412 strings out of 474116
 307979 string characters out of 5743683
 1940187 words of memory out of 5000000
 40272 multiletter control sequences out of 15000+600000
 637085 words of font info for 147 fonts, out of 8000000 for 9000
 1141 hyphenation exceptions out of 8191
 84i,14n,93p,1289b,549s stack positions out of 10000i,1000n,20000p,200000b,200000s
</usr/local/texlive/2024/texmf-dist/fonts/type1/public/bera/fvmr8a.pfb></usr/
local/texlive/2024/texmf-dist/fonts/type1/public/bera/fvmro8a.pfb></usr/local/t
exlive/2024/texmf-dist/fonts/type1/public/lm/lmbx10.pfb></usr/local/texlive/202
4/texmf-dist/fonts/type1/public/lm/lmmi10.pfb></usr/local/texlive/2024/texmf-di
st/fonts/type1/public/lm/lmmi7.pfb></usr/local/texlive/2024/texmf-dist/fonts/ty
pe1/public/lm/lmr10.pfb></usr/local/texlive/2024/texmf-dist/fonts/type1/public/
lm/lmr7.pfb></usr/local/texlive/2024/texmf-dist/fonts/type1/public/lm/lmss10.pf
b></usr/local/texlive/2024/texmf-dist/fonts/type1/public/lm/lmssbo10.pfb></usr/
local/texlive/2024/texmf-dist/fonts/type1/public/lm/lmssbx10.pfb></usr/local/te
xlive/2024/texmf-dist/fonts/type1/public/lm/lmsso10.pfb></usr/local/texlive/202
4/texmf-dist/fonts/type1/public/lm/lmsy10.pfb></usr/local/texlive/2024/texmf-di
st/fonts/type1/public/cm-super/sftt1000.pfb></usr/local/texlive/2024/texmf-dist
/fonts/type1/urw/helvetic/uhvb8a.pfb></usr/local/texlive/2024/texmf-dist/fonts/
type1/urw/helvetic/uhvr8a.pfb>
Output written on fdrSAFE.pdf (15 pages, 357382 bytes).
PDF statistics:
 277 PDF objects out of 1000 (max. 8388607)
 199 compressed objects within 2 object streams
 28 named destinations out of 1000 (max. 500000)
 30801 words of extra memory for PDF output out of 35830 (max. 10000000)

